# JRE version: OpenJDK Runtime Environment (8.0_152-b01) (build 1.8.0_152-release-915-b01)
# Java VM: OpenJDK 64-Bit Server VM (25.152-b01 mixed mode windows-amd64 compressed oops)
Heap:
 PSYoungGen      total 450048K, used 204219K [0x00000000e0000000, 0x0000000100000000, 0x0000000100000000)
  eden space 397824K, 46% used [0x00000000e0000000,0x00000000eb3c4108,0x00000000f8480000)
  from space 52224K, 38% used [0x00000000f8480000,0x00000000f982abf8,0x00000000fb780000)
  to   space 51200K, 0% used [0x00000000fce00000,0x00000000fce00000,0x0000000100000000)
 ParOldGen       total 158208K, used 118889K [0x00000000a0000000, 0x00000000a9a80000, 0x00000000e0000000)
  object space 158208K, 75% used [0x00000000a0000000,0x00000000a741a6f0,0x00000000a9a80000)
 Metaspace       used 88259K, capacity 96494K, committed 96768K, reserved 1132544K
  class space    used 11180K, capacity 12985K, committed 13056K, reserved 1048576K
GC Heap History (10 events):
Event: 5489.278 GC heap before
{Heap before GC invocations=32 (full 3):
 PSYoungGen      total 303104K, used 280681K [0x00000000e0000000, 0x00000000f7580000, 0x0000000100000000)
  eden space 251904K, 99% used [0x00000000e0000000,0x00000000ef538fa0,0x00000000ef600000)
  from space 51200K, 57% used [0x00000000f2700000,0x00000000f43e1830,0x00000000f5900000)
  to   space 50176K, 0% used [0x00000000ef600000,0x00000000ef600000,0x00000000f2700000)
 ParOldGen       total 158208K, used 92504K [0x00000000a0000000, 0x00000000a9a80000, 0x00000000e0000000)
  object space 158208K, 58% used [0x00000000a0000000,0x00000000a5a56058,0x00000000a9a80000)
 Metaspace       used 86298K, capacity 92598K, committed 92800K, reserved 1130496K
  class space    used 10884K, capacity 12307K, committed 12416K, reserved 1048576K
Event: 5489.315 GC heap after
Heap after GC invocations=32 (full 3):
 PSYoungGen      total 302080K, used 41310K [0x00000000e0000000, 0x00000000f9d80000, 0x0000000100000000)
  eden space 251904K, 0% used [0x00000000e0000000,0x00000000e0000000,0x00000000ef600000)
  from space 50176K, 82% used [0x00000000ef600000,0x00000000f1e578e0,0x00000000f2700000)
  to   space 53248K, 0% used [0x00000000f6980000,0x00000000f6980000,0x00000000f9d80000)
 ParOldGen       total 158208K, used 94130K [0x00000000a0000000, 0x00000000a9a80000, 0x00000000e0000000)
  object space 158208K, 59% used [0x00000000a0000000,0x00000000a5bec898,0x00000000a9a80000)
 Metaspace       used 86298K, capacity 92598K, committed 92800K, reserved 1130496K
  class space    used 10884K, capacity 12307K, committed 12416K, reserved 1048576K
}
Event: 5489.418 GC heap before
{Heap before GC invocations=33 (full 3):
 PSYoungGen      total 302080K, used 292393K [0x00000000e0000000, 0x00000000f9d80000, 0x0000000100000000)
  eden space 251904K, 99% used [0x00000000e0000000,0x00000000ef532ca8,0x00000000ef600000)
  from space 50176K, 82% used [0x00000000ef600000,0x00000000f1e578e0,0x00000000f2700000)
  to   space 53248K, 0% used [0x00000000f6980000,0x00000000f6980000,0x00000000f9d80000)
 ParOldGen       total 158208K, used 94130K [0x00000000a0000000, 0x00000000a9a80000, 0x00000000e0000000)
  object space 158208K, 59% used [0x00000000a0000000,0x00000000a5bec898,0x00000000a9a80000)
 Metaspace       used 86302K, capacity 92598K, committed 92800K, reserved 1130496K
  class space    used 10884K, capacity 12307K, committed 12416K, reserved 1048576K
Event: 5489.467 GC heap after
Heap after GC invocations=33 (full 3):
 PSYoungGen      total 370176K, used 34983K [0x00000000e0000000, 0x00000000fa180000, 0x0000000100000000)
  eden space 316928K, 0% used [0x00000000e0000000,0x00000000e0000000,0x00000000f3580000)
  from space 53248K, 65% used [0x00000000f6980000,0x00000000f8ba9f78,0x00000000f9d80000)
  to   space 53248K, 0% used [0x00000000f3580000,0x00000000f3580000,0x00000000f6980000)
 ParOldGen       total 158208K, used 94556K [0x00000000a0000000, 0x00000000a9a80000, 0x00000000e0000000)
  object space 158208K, 59% used [0x00000000a0000000,0x00000000a5c57218,0x00000000a9a80000)
 Metaspace       used 86302K, capacity 92598K, committed 92800K, reserved 1130496K
  class space    used 10884K, capacity 12307K, committed 12416K, reserved 1048576K
}
Event: 6091.931 GC heap before
{Heap before GC invocations=34 (full 3):
 PSYoungGen      total 370176K, used 351911K [0x00000000e0000000, 0x00000000fa180000, 0x0000000100000000)
  eden space 316928K, 100% used [0x00000000e0000000,0x00000000f3580000,0x00000000f3580000)
  from space 53248K, 65% used [0x00000000f6980000,0x00000000f8ba9f78,0x00000000f9d80000)
  to   space 53248K, 0% used [0x00000000f3580000,0x00000000f3580000,0x00000000f6980000)
 ParOldGen       total 158208K, used 94556K [0x00000000a0000000, 0x00000000a9a80000, 0x00000000e0000000)
  object space 158208K, 59% used [0x00000000a0000000,0x00000000a5c57218,0x00000000a9a80000)
 Metaspace       used 86818K, capacity 93540K, committed 93696K, reserved 1130496K
  class space    used 10953K, capacity 12472K, committed 12544K, reserved 1048576K
Event: 6092.073 GC heap after
Heap after GC invocations=34 (full 3):
 PSYoungGen      total 370176K, used 33282K [0x00000000e0000000, 0x00000000fee80000, 0x0000000100000000)
  eden space 316928K, 0% used [0x00000000e0000000,0x00000000e0000000,0x00000000f3580000)
  from space 53248K, 62% used [0x00000000f3580000,0x00000000f56008e8,0x00000000f6980000)
  to   space 52736K, 0% used [0x00000000fbb00000,0x00000000fbb00000,0x00000000fee80000)
 ParOldGen       total 158208K, used 95014K [0x00000000a0000000, 0x00000000a9a80000, 0x00000000e0000000)
  object space 158208K, 60% used [0x00000000a0000000,0x00000000a5cc9bb8,0x00000000a9a80000)
 Metaspace       used 86818K, capacity 93540K, committed 93696K, reserved 1130496K
  class space    used 10953K, capacity 12472K, committed 12544K, reserved 1048576K
}
Event: 6715.004 GC heap before
{Heap before GC invocations=35 (full 3):
 PSYoungGen      total 370176K, used 350210K [0x00000000e0000000, 0x00000000fee80000, 0x0000000100000000)
  eden space 316928K, 100% used [0x00000000e0000000,0x00000000f3580000,0x00000000f3580000)
  from space 53248K, 62% used [0x00000000f3580000,0x00000000f56008e8,0x00000000f6980000)
  to   space 52736K, 0% used [0x00000000fbb00000,0x00000000fbb00000,0x00000000fee80000)
 ParOldGen       total 158208K, used 95014K [0x00000000a0000000, 0x00000000a9a80000, 0x00000000e0000000)
  object space 158208K, 60% used [0x00000000a0000000,0x00000000a5cc9bb8,0x00000000a9a80000)
 Metaspace       used 87093K, capacity 93944K, committed 93952K, reserved 1130496K
  class space    used 10977K, capacity 12536K, committed 12544K, reserved 1048576K
Event: 6715.158 GC heap after
Heap after GC invocations=35 (full 3):
 PSYoungGen      total 446464K, used 33300K [0x00000000e0000000, 0x00000000fea80000, 0x0000000100000000)
  eden space 397824K, 0% used [0x00000000e0000000,0x00000000e0000000,0x00000000f8480000)
  from space 48640K, 68% used [0x00000000fbb00000,0x00000000fdb85040,0x00000000fea80000)
  to   space 52224K, 0% used [0x00000000f8480000,0x00000000f8480000,0x00000000fb780000)
 ParOldGen       total 158208K, used 102724K [0x00000000a0000000, 0x00000000a9a80000, 0x00000000e0000000)
  object space 158208K, 64% used [0x00000000a0000000,0x00000000a6451310,0x00000000a9a80000)
 Metaspace       used 87093K, capacity 93944K, committed 93952K, reserved 1130496K
  class space    used 10977K, capacity 12536K, committed 12544K, reserved 1048576K
}
Event: 7103.534 GC heap before
{Heap before GC invocations=36 (full 3):
 PSYoungGen      total 446464K, used 431124K [0x00000000e0000000, 0x00000000fea80000, 0x0000000100000000)
  eden space 397824K, 100% used [0x00000000e0000000,0x00000000f8480000,0x00000000f8480000)
  from space 48640K, 68% used [0x00000000fbb00000,0x00000000fdb85040,0x00000000fea80000)
  to   space 52224K, 0% used [0x00000000f8480000,0x00000000f8480000,0x00000000fb780000)
 ParOldGen       total 158208K, used 102724K [0x00000000a0000000, 0x00000000a9a80000, 0x00000000e0000000)
  object space 158208K, 64% used [0x00000000a0000000,0x00000000a6451310,0x00000000a9a80000)
 Metaspace       used 88085K, capacity 96166K, committed 96384K, reserved 1132544K
  class space    used 11156K, capacity 12901K, committed 12928K, reserved 1048576K
Event: 7103.591 GC heap after
Heap after GC invocations=36 (full 3):
 PSYoungGen      total 450048K, used 20138K [0x00000000e0000000, 0x0000000100000000, 0x0000000100000000)
  eden space 397824K, 0% used [0x00000000e0000000,0x00000000e0000000,0x00000000f8480000)
  from space 52224K, 38% used [0x00000000f8480000,0x00000000f982abf8,0x00000000fb780000)
  to   space 51200K, 0% used [0x00000000fce00000,0x00000000fce00000,0x0000000100000000)
 ParOldGen       total 158208K, used 118889K [0x00000000a0000000, 0x00000000a9a80000, 0x00000000e0000000)
  object space 158208K, 75% used [0x00000000a0000000,0x00000000a741a6f0,0x00000000a9a80000)
 Metaspace       used 88085K, capacity 96166K, committed 96384K, reserved 1132544K
  class space    used 11156K, capacity 12901K, committed 12928K, reserved 1048576K
}

